Using pre-set license
Built from '2020.2/release' branch; Version is '2020.2.1f1 (270dd8c3da1c) revision 2559448'; Using compiler version '192528614'; Build Type 'Release'
OS: 'Windows 10  (10.0.0) 64bit' Language: 'en' Physical Memory: 16312 MB
BatchMode: 1, IsHumanControllingUs: 0, StartBugReporterOnCrash: 0, Is64bit: 1, IsPro: 0

 COMMAND LINE ARGUMENTS:
D:\New folder\Unity\Editor\Unity.exe
-adb2
-batchMode
-noUpm
-name
AssetImportWorker0
-projectPath
C:/Users/User/Documents/Super Shapes
-logFile
Logs/AssetImportWorker0.log
-srvPort
61013
Successfully changed project path to: C:/Users/User/Documents/Super Shapes
C:/Users/User/Documents/Super Shapes
Using Asset Import Pipeline V2.
Refreshing native plugins compatible for Editor in 62.16 ms, found 0 plugins.
Preloading 0 native plugins for Editor in 0.00 ms.
Initialize engine version: 2020.2.1f1 (270dd8c3da1c)
[Subsystems] Discovering subsystems at path D:/New folder/Unity/Editor/Data/Resources/UnitySubsystems
[Subsystems] Discovering subsystems at path C:/Users/User/Documents/Super Shapes/Assets
GfxDevice: creating device client; threaded=0
Direct3D:
    Version:  Direct3D 11.0 [level 11.1]
    Renderer: Radeon RX 580 Series (ID=0x67df)
    Vendor:   
    VRAM:     8171 MB
    Driver:   27.20.12031.1000
Initialize mono
Mono path[0] = 'D:/New folder/Unity/Editor/Data/Managed'
Mono path[1] = 'D:/New folder/Unity/Editor/Data/MonoBleedingEdge/lib/mono/unityjit'
Mono config path = 'D:/New folder/Unity/Editor/Data/MonoBleedingEdge/etc'
Using monoOptions --debugger-agent=transport=dt_socket,embedding=1,server=y,suspend=n,address=127.0.0.1:56464
Begin MonoManager ReloadAssembly
Registering precompiled unity dll's ...
Register platform support module: D:/New folder/Unity/Editor/Data/PlaybackEngines/WindowsStandaloneSupport/UnityEditor.WindowsStandalone.Extensions.dll
Registered in 0.000966 seconds.
Native extension for WindowsStandalone target not found
Refreshing native plugins compatible for Editor in 46.57 ms, found 0 plugins.
Preloading 0 native plugins for Editor in 0.00 ms.
Invoked RoslynAnalysisRunner static constructor.
RoslynAnalysisRunner will not be running.
RoslynAnalysisRunner has terminated.
Mono: successfully reloaded assembly
- Completed reload, in  0.988 seconds
Platform modules already initialized, skipping
Registering precompiled user dll's ...
Registered in 0.003246 seconds.
Begin MonoManager ReloadAssembly
Native extension for WindowsStandalone target not found
Refreshing native plugins compatible for Editor in 0.45 ms, found 0 plugins.
Preloading 0 native plugins for Editor in 0.00 ms.
Invoked RoslynAnalysisRunner static constructor.
RoslynAnalysisRunner will not be running.
RoslynAnalysisRunner has terminated.
Mono: successfully reloaded assembly
- Completed reload, in  0.933 seconds
Platform modules already initialized, skipping
========================================================================
Worker process is ready to serve import requests
Launched and connected shader compiler UnityShaderCompiler.exe after 0.05 seconds
Refreshing native plugins compatible for Editor in 0.48 ms, found 0 plugins.
Preloading 0 native plugins for Editor in 0.00 ms.
Unloading 1411 Unused Serialized files (Serialized files now loaded: 0)
System memory in use before: 72.6 MB.
System memory in use after: 68.7 MB.

Unloading 95 unused Assets to reduce memory usage. Loaded Objects now: 1779.
Total: 3.105100 ms (FindLiveObjects: 0.202200 ms CreateObjectMapping: 0.049800 ms MarkObjects: 1.710400 ms  DeleteObjects: 1.141000 ms)

========================================================================
Received Import Request.
  path: Assets/Scenes/Level 1 Scenes
  artifactKey: Guid(dfee35b687f013247a5923f7fc1b618e) Importer(815301076,1909f56bfc062723c751e8b465ee728b)
Start importing Assets/Scenes/Level 1 Scenes using Guid(dfee35b687f013247a5923f7fc1b618e) Importer(815301076,1909f56bfc062723c751e8b465ee728b)  -> (artifact id: 'd05de62a2de427399ef290b74901c766') in 0.032922 seconds
  Import took 0.035570 seconds .

========================================================================
Received Import Request.
  Time since last request: 7.940635 seconds.
  path: Assets/Scenes/Level 1 Scenes/Level 1 C.unity
  artifactKey: Guid(cef29ac6c16c38e4fb71924f7b6c6f99) Importer(815301076,1909f56bfc062723c751e8b465ee728b)
Start importing Assets/Scenes/Level 1 Scenes/Level 1 C.unity using Guid(cef29ac6c16c38e4fb71924f7b6c6f99) Importer(815301076,1909f56bfc062723c751e8b465ee728b)  -> (artifact id: 'a14f101cc921ff728162e9a0cf44d922') in 0.019557 seconds
  Import took 0.022387 seconds .

========================================================================
Received Prepare
Refreshing native plugins compatible for Editor in 9.02 ms, found 0 plugins.
Preloading 0 native plugins for Editor in 0.00 ms.
Unloading 89 Unused Serialized files (Serialized files now loaded: 0)
System memory in use before: 46.3 MB.
System memory in use after: 42.5 MB.

Unloading 88 unused Assets to reduce memory usage. Loaded Objects now: 1779.
Total: 3.345800 ms (FindLiveObjects: 0.173500 ms CreateObjectMapping: 0.032300 ms MarkObjects: 1.963800 ms  DeleteObjects: 1.174500 ms)

AssetImportWorkerClient::OnTransportError - code=2 error=End of file
