Using pre-set license
Built from '2020.2/release' branch; Version is '2020.2.1f1 (270dd8c3da1c) revision 2559448'; Using compiler version '192528614'; Build Type 'Release'
OS: 'Windows 10  (10.0.0) 64bit' Language: 'en' Physical Memory: 16312 MB
BatchMode: 1, IsHumanControllingUs: 0, StartBugReporterOnCrash: 0, Is64bit: 1, IsPro: 0

 COMMAND LINE ARGUMENTS:
D:\New folder\Unity\Editor\Unity.exe
-adb2
-batchMode
-noUpm
-name
AssetImportWorker0
-projectPath
C:/Users/User/Documents/Super Shapes
-logFile
Logs/AssetImportWorker0.log
-srvPort
59858
Successfully changed project path to: C:/Users/User/Documents/Super Shapes
C:/Users/User/Documents/Super Shapes
Using Asset Import Pipeline V2.
Refreshing native plugins compatible for Editor in 63.42 ms, found 0 plugins.
Preloading 0 native plugins for Editor in 0.00 ms.
Initialize engine version: 2020.2.1f1 (270dd8c3da1c)
[Subsystems] Discovering subsystems at path D:/New folder/Unity/Editor/Data/Resources/UnitySubsystems
[Subsystems] Discovering subsystems at path C:/Users/User/Documents/Super Shapes/Assets
GfxDevice: creating device client; threaded=0
Direct3D:
    Version:  Direct3D 11.0 [level 11.1]
    Renderer: Radeon RX 580 Series (ID=0x67df)
    Vendor:   
    VRAM:     8171 MB
    Driver:   27.20.12031.1000
Initialize mono
Mono path[0] = 'D:/New folder/Unity/Editor/Data/Managed'
Mono path[1] = 'D:/New folder/Unity/Editor/Data/MonoBleedingEdge/lib/mono/unityjit'
Mono config path = 'D:/New folder/Unity/Editor/Data/MonoBleedingEdge/etc'
Using monoOptions --debugger-agent=transport=dt_socket,embedding=1,server=y,suspend=n,address=127.0.0.1:56628
Begin MonoManager ReloadAssembly
Registering precompiled unity dll's ...
Register platform support module: D:/New folder/Unity/Editor/Data/PlaybackEngines/WindowsStandaloneSupport/UnityEditor.WindowsStandalone.Extensions.dll
Registered in 0.002345 seconds.
Native extension for WindowsStandalone target not found
Refreshing native plugins compatible for Editor in 45.56 ms, found 0 plugins.
Preloading 0 native plugins for Editor in 0.00 ms.
Invoked RoslynAnalysisRunner static constructor.
RoslynAnalysisRunner will not be running.
RoslynAnalysisRunner has terminated.
Mono: successfully reloaded assembly
- Completed reload, in  1.253 seconds
Platform modules already initialized, skipping
Registering precompiled user dll's ...
Registered in 0.002538 seconds.
Begin MonoManager ReloadAssembly
Native extension for WindowsStandalone target not found
Refreshing native plugins compatible for Editor in 0.65 ms, found 0 plugins.
Preloading 0 native plugins for Editor in 0.00 ms.
Invoked RoslynAnalysisRunner static constructor.
RoslynAnalysisRunner will not be running.
RoslynAnalysisRunner has terminated.
Mono: successfully reloaded assembly
- Completed reload, in  1.504 seconds
Platform modules already initialized, skipping
========================================================================
Worker process is ready to serve import requests
Launched and connected shader compiler UnityShaderCompiler.exe after 0.06 seconds
Refreshing native plugins compatible for Editor in 0.45 ms, found 0 plugins.
Preloading 0 native plugins for Editor in 0.00 ms.
Unloading 1411 Unused Serialized files (Serialized files now loaded: 0)
System memory in use before: 72.5 MB.
System memory in use after: 68.7 MB.

Unloading 95 unused Assets to reduce memory usage. Loaded Objects now: 1779.
Total: 2.970300 ms (FindLiveObjects: 0.206000 ms CreateObjectMapping: 0.051200 ms MarkObjects: 1.587000 ms  DeleteObjects: 1.124500 ms)

========================================================================
Received Import Request.
  path: Assets/Best Gaming Music Mix 2015 (1 HOUR).mp3
  artifactKey: Guid(aeb12e9e0f091924d88c480ac2dca09d) Importer(815301076,1909f56bfc062723c751e8b465ee728b)
Start importing Assets/Best Gaming Music Mix 2015 (1 HOUR).mp3 using Guid(aeb12e9e0f091924d88c480ac2dca09d) Importer(815301076,1909f56bfc062723c751e8b465ee728b)  -> (artifact id: 'fbd3c0df3d578aad337a91bdb2e2f681') in 0.487416 seconds
  Import took 0.489904 seconds .

========================================================================
Received Import Request.
  Time since last request: 0.000235 seconds.
  path: Assets/FAIL SOUND EFFECT.mp3
  artifactKey: Guid(786f352a843bb494785f3dead8830c13) Importer(815301076,1909f56bfc062723c751e8b465ee728b)
Start importing Assets/FAIL SOUND EFFECT.mp3 using Guid(786f352a843bb494785f3dead8830c13) Importer(815301076,1909f56bfc062723c751e8b465ee728b)  -> (artifact id: '8bf8009d4901c8882965347d017a820f') in 0.026765 seconds
  Import took 0.030497 seconds .

========================================================================
Received Import Request.
  Time since last request: 0.000201 seconds.
  path: Assets/20 Minutes of Soft Warm Piano Music (Relaxing Piano Music).mp3
  artifactKey: Guid(1663aa5270196a44b905e00e9413b0b2) Importer(815301076,1909f56bfc062723c751e8b465ee728b)
Start importing Assets/20 Minutes of Soft Warm Piano Music (Relaxing Piano Music).mp3 using Guid(1663aa5270196a44b905e00e9413b0b2) Importer(815301076,1909f56bfc062723c751e8b465ee728b)  -> (artifact id: '28411e1ff88161f0d21c4382ce1888c0') in 0.044530 seconds
  Import took 0.046807 seconds .

========================================================================
Received Import Request.
  Time since last request: 0.000210 seconds.
  path: Assets/Cartoon Winning Sound Effect.mp3
  artifactKey: Guid(9cfd7f5e0d71a784ba1b9c8f1a2292a5) Importer(815301076,1909f56bfc062723c751e8b465ee728b)
Start importing Assets/Cartoon Winning Sound Effect.mp3 using Guid(9cfd7f5e0d71a784ba1b9c8f1a2292a5) Importer(815301076,1909f56bfc062723c751e8b465ee728b)  -> (artifact id: '83d11b0845af963091928e2d2f4f20ce') in 0.025664 seconds
  Import took 0.028208 seconds .

========================================================================
Received Import Request.
  Time since last request: 0.000217 seconds.
  path: Assets/Lego yoda death sound.mp3
  artifactKey: Guid(923bdd8c87a8b8949bb8019d53185d46) Importer(815301076,1909f56bfc062723c751e8b465ee728b)
Start importing Assets/Lego yoda death sound.mp3 using Guid(923bdd8c87a8b8949bb8019d53185d46) Importer(815301076,1909f56bfc062723c751e8b465ee728b)  -> (artifact id: '22b67cf92302668afa13d2edf6e7a099') in 0.038320 seconds
  Import took 0.041138 seconds .

========================================================================
Received Import Request.
  Time since last request: 33.222718 seconds.
  path: Assets/Scripts/Level 1 Scipts
  artifactKey: Guid(8324716d09103514695c42024399dd44) Importer(815301076,1909f56bfc062723c751e8b465ee728b)
Start importing Assets/Scripts/Level 1 Scipts using Guid(8324716d09103514695c42024399dd44) Importer(815301076,1909f56bfc062723c751e8b465ee728b)  -> (artifact id: '0b9140b8cbdc3472c3288e9b4166705b') in 0.012750 seconds
  Import took 0.015845 seconds .

========================================================================
Received Prepare
Refreshing native plugins compatible for Editor in 7.42 ms, found 0 plugins.
Preloading 0 native plugins for Editor in 0.00 ms.
Unloading 89 Unused Serialized files (Serialized files now loaded: 0)
System memory in use before: 49.5 MB.
System memory in use after: 45.7 MB.

Unloading 88 unused Assets to reduce memory usage. Loaded Objects now: 1788.
Total: 3.737800 ms (FindLiveObjects: 0.237900 ms CreateObjectMapping: 0.034000 ms MarkObjects: 2.271900 ms  DeleteObjects: 1.192000 ms)

AssetImportWorkerClient::OnTransportError - code=2 error=End of file
